Content-Type: text/plain; charset="utf-8"
MIME-Version: 1.0
Content-Transfer-Encoding: 8bit
Subject: Password reset on 127.0.0.1:8000
From: webmaster@localhost
To: chengyang0326@gmail.com
Date: Tue, 26 Apr 2022 23:30:00 -0000
Message-ID: 
 <165101580003.5244.11399578765343668796@cheng-yangdeMacBook-Pro.local>


You're receiving this email because you requested a password reset for your user account at 127.0.0.1:8000.

Please go to the following page and choose a new password:

http://127.0.0.1:8000/reset/Mw/b4iha0-25075517634e10a1694692774c94bdf3/

Your username, in case you’ve forgotten: chengyang0326

Thanks for using our site!

The 127.0.0.1:8000 team



-------------------------------------------------------------------------------
Content-Type: text/plain; charset="utf-8"
MIME-Version: 1.0
Content-Transfer-Encoding: 8bit
Subject: Password reset on 127.0.0.1:8000
From: webmaster@localhost
To: chengyang0326@gmail.com
Date: Tue, 26 Apr 2022 23:30:00 -0000
Message-ID: 
 <165101580004.5244.13920127925208395993@cheng-yangdeMacBook-Pro.local>


You're receiving this email because you requested a password reset for your user account at 127.0.0.1:8000.

Please go to the following page and choose a new password:

http://127.0.0.1:8000/reset/Ng/b4iha0-625dbdb806ed7f1354b176434e2e97b3/

Your username, in case you’ve forgotten: Chengyangabb

Thanks for using our site!

The 127.0.0.1:8000 team



-------------------------------------------------------------------------------
Content-Type: text/plain; charset="utf-8"
MIME-Version: 1.0
Content-Transfer-Encoding: 8bit
Subject: Password reset on 127.0.0.1:8000
From: webmaster@localhost
To: chengyang0326@gmail.com
Date: Tue, 26 Apr 2022 23:30:00 -0000
Message-ID: 
 <165101580004.5244.8424187578110678587@cheng-yangdeMacBook-Pro.local>


You're receiving this email because you requested a password reset for your user account at 127.0.0.1:8000.

Please go to the following page and choose a new password:

http://127.0.0.1:8000/reset/Nw/b4iha0-90e32d4c02db6419a8bf168c18d36279/

Your username, in case you’ve forgotten: Chengyang0325

Thanks for using our site!

The 127.0.0.1:8000 team



-------------------------------------------------------------------------------
Content-Type: text/plain; charset="utf-8"
MIME-Version: 1.0
Content-Transfer-Encoding: 8bit
Subject: Password reset on 127.0.0.1:8000
From: webmaster@localhost
To: chengyang0326@gmail.com
Date: Tue, 26 Apr 2022 23:30:00 -0000
Message-ID: 
 <165101580005.5244.10765045001220324911@cheng-yangdeMacBook-Pro.local>


You're receiving this email because you requested a password reset for your user account at 127.0.0.1:8000.

Please go to the following page and choose a new password:

http://127.0.0.1:8000/reset/Nw/b4iha0-90e32d4c02db6419a8bf168c18d36279/

Your username, in case you’ve forgotten: Chengyang0325

Thanks for using our site!

The 127.0.0.1:8000 team



-------------------------------------------------------------------------------
